android/build/intermediates/manifest_merge_blame_file/debug/manifest-merger-blame-debug-report.txt
1<?xml version="1.0" encoding="utf-8"?>
2<manifest xmlns:android="http://schemas.android.com/apk/res/android"
3    package="coza.rubiblue.glocellpos" >
4
5    <uses-sdk
6        android:minSdkVersion="21"
6-->src\main\AndroidManifest.xml
7        android:targetSdkVersion="30" />
7-->src\main\AndroidManifest.xml
8
9    <uses-permission android:name="android.permission.READ_PRIVILEGED_PHONE_STATE" />
9-->src\main\AndroidManifest.xml:5:5-86
9-->src\main\AndroidManifest.xml:5:22-83
10
11</manifest>